running egg_info
creating ../../build/broadcaster_listener/broadcaster_listener.egg-info
writing ../../build/broadcaster_listener/broadcaster_listener.egg-info/PKG-INFO
writing dependency_links to ../../build/broadcaster_listener/broadcaster_listener.egg-info/dependency_links.txt
writing entry points to ../../build/broadcaster_listener/broadcaster_listener.egg-info/entry_points.txt
writing requirements to ../../build/broadcaster_listener/broadcaster_listener.egg-info/requires.txt
writing top-level names to ../../build/broadcaster_listener/broadcaster_listener.egg-info/top_level.txt
writing manifest file '../../build/broadcaster_listener/broadcaster_listener.egg-info/SOURCES.txt'
reading manifest file '../../build/broadcaster_listener/broadcaster_listener.egg-info/SOURCES.txt'
adding license file 'LICENSE'
writing manifest file '../../build/broadcaster_listener/broadcaster_listener.egg-info/SOURCES.txt'
running build
running build_py
creating /home/tharindu/git/Tharindu6516/CS3340-Labs/Lab04/robotics/build/broadcaster_listener/build
creating /home/tharindu/git/Tharindu6516/CS3340-Labs/Lab04/robotics/build/broadcaster_listener/build/lib
creating /home/tharindu/git/Tharindu6516/CS3340-Labs/Lab04/robotics/build/broadcaster_listener/build/lib/broadcaster_listener
copying broadcaster_listener/turtle_tf2_broadcaster.py -> /home/tharindu/git/Tharindu6516/CS3340-Labs/Lab04/robotics/build/broadcaster_listener/build/lib/broadcaster_listener
copying broadcaster_listener/turtle_tf2_listener.Lab01.py -> /home/tharindu/git/Tharindu6516/CS3340-Labs/Lab04/robotics/build/broadcaster_listener/build/lib/broadcaster_listener
copying broadcaster_listener/turtle_tf2_listener.py -> /home/tharindu/git/Tharindu6516/CS3340-Labs/Lab04/robotics/build/broadcaster_listener/build/lib/broadcaster_listener
copying broadcaster_listener/__init__.py -> /home/tharindu/git/Tharindu6516/CS3340-Labs/Lab04/robotics/build/broadcaster_listener/build/lib/broadcaster_listener
copying broadcaster_listener/turtle_tf2_listener.Lab02.2.py -> /home/tharindu/git/Tharindu6516/CS3340-Labs/Lab04/robotics/build/broadcaster_listener/build/lib/broadcaster_listener
copying broadcaster_listener/dynamic_frame_tf2_broadcaster.py -> /home/tharindu/git/Tharindu6516/CS3340-Labs/Lab04/robotics/build/broadcaster_listener/build/lib/broadcaster_listener
copying broadcaster_listener/turtle_tf2_listener.Lab02.1.py -> /home/tharindu/git/Tharindu6516/CS3340-Labs/Lab04/robotics/build/broadcaster_listener/build/lib/broadcaster_listener
copying broadcaster_listener/fixed_frame_tf2_broadcaster.py -> /home/tharindu/git/Tharindu6516/CS3340-Labs/Lab04/robotics/build/broadcaster_listener/build/lib/broadcaster_listener
running install
running install_lib
creating /home/tharindu/git/Tharindu6516/CS3340-Labs/Lab04/robotics/install/broadcaster_listener/lib/python3.10/site-packages/broadcaster_listener
copying /home/tharindu/git/Tharindu6516/CS3340-Labs/Lab04/robotics/build/broadcaster_listener/build/lib/broadcaster_listener/turtle_tf2_broadcaster.py -> /home/tharindu/git/Tharindu6516/CS3340-Labs/Lab04/robotics/install/broadcaster_listener/lib/python3.10/site-packages/broadcaster_listener
copying /home/tharindu/git/Tharindu6516/CS3340-Labs/Lab04/robotics/build/broadcaster_listener/build/lib/broadcaster_listener/turtle_tf2_listener.Lab01.py -> /home/tharindu/git/Tharindu6516/CS3340-Labs/Lab04/robotics/install/broadcaster_listener/lib/python3.10/site-packages/broadcaster_listener
copying /home/tharindu/git/Tharindu6516/CS3340-Labs/Lab04/robotics/build/broadcaster_listener/build/lib/broadcaster_listener/turtle_tf2_listener.py -> /home/tharindu/git/Tharindu6516/CS3340-Labs/Lab04/robotics/install/broadcaster_listener/lib/python3.10/site-packages/broadcaster_listener
copying /home/tharindu/git/Tharindu6516/CS3340-Labs/Lab04/robotics/build/broadcaster_listener/build/lib/broadcaster_listener/__init__.py -> /home/tharindu/git/Tharindu6516/CS3340-Labs/Lab04/robotics/install/broadcaster_listener/lib/python3.10/site-packages/broadcaster_listener
copying /home/tharindu/git/Tharindu6516/CS3340-Labs/Lab04/robotics/build/broadcaster_listener/build/lib/broadcaster_listener/turtle_tf2_listener.Lab02.2.py -> /home/tharindu/git/Tharindu6516/CS3340-Labs/Lab04/robotics/install/broadcaster_listener/lib/python3.10/site-packages/broadcaster_listener
copying /home/tharindu/git/Tharindu6516/CS3340-Labs/Lab04/robotics/build/broadcaster_listener/build/lib/broadcaster_listener/dynamic_frame_tf2_broadcaster.py -> /home/tharindu/git/Tharindu6516/CS3340-Labs/Lab04/robotics/install/broadcaster_listener/lib/python3.10/site-packages/broadcaster_listener
copying /home/tharindu/git/Tharindu6516/CS3340-Labs/Lab04/robotics/build/broadcaster_listener/build/lib/broadcaster_listener/turtle_tf2_listener.Lab02.1.py -> /home/tharindu/git/Tharindu6516/CS3340-Labs/Lab04/robotics/install/broadcaster_listener/lib/python3.10/site-packages/broadcaster_listener
copying /home/tharindu/git/Tharindu6516/CS3340-Labs/Lab04/robotics/build/broadcaster_listener/build/lib/broadcaster_listener/fixed_frame_tf2_broadcaster.py -> /home/tharindu/git/Tharindu6516/CS3340-Labs/Lab04/robotics/install/broadcaster_listener/lib/python3.10/site-packages/broadcaster_listener
byte-compiling /home/tharindu/git/Tharindu6516/CS3340-Labs/Lab04/robotics/install/broadcaster_listener/lib/python3.10/site-packages/broadcaster_listener/turtle_tf2_broadcaster.py to turtle_tf2_broadcaster.cpython-310.pyc
byte-compiling /home/tharindu/git/Tharindu6516/CS3340-Labs/Lab04/robotics/install/broadcaster_listener/lib/python3.10/site-packages/broadcaster_listener/turtle_tf2_listener.Lab01.py to turtle_tf2_listener.Lab01.cpython-310.pyc
byte-compiling /home/tharindu/git/Tharindu6516/CS3340-Labs/Lab04/robotics/install/broadcaster_listener/lib/python3.10/site-packages/broadcaster_listener/turtle_tf2_listener.py to turtle_tf2_listener.cpython-310.pyc
byte-compiling /home/tharindu/git/Tharindu6516/CS3340-Labs/Lab04/robotics/install/broadcaster_listener/lib/python3.10/site-packages/broadcaster_listener/__init__.py to __init__.cpython-310.pyc
byte-compiling /home/tharindu/git/Tharindu6516/CS3340-Labs/Lab04/robotics/install/broadcaster_listener/lib/python3.10/site-packages/broadcaster_listener/turtle_tf2_listener.Lab02.2.py to turtle_tf2_listener.Lab02.2.cpython-310.pyc
byte-compiling /home/tharindu/git/Tharindu6516/CS3340-Labs/Lab04/robotics/install/broadcaster_listener/lib/python3.10/site-packages/broadcaster_listener/dynamic_frame_tf2_broadcaster.py to dynamic_frame_tf2_broadcaster.cpython-310.pyc
byte-compiling /home/tharindu/git/Tharindu6516/CS3340-Labs/Lab04/robotics/install/broadcaster_listener/lib/python3.10/site-packages/broadcaster_listener/turtle_tf2_listener.Lab02.1.py to turtle_tf2_listener.Lab02.1.cpython-310.pyc
byte-compiling /home/tharindu/git/Tharindu6516/CS3340-Labs/Lab04/robotics/install/broadcaster_listener/lib/python3.10/site-packages/broadcaster_listener/fixed_frame_tf2_broadcaster.py to fixed_frame_tf2_broadcaster.cpython-310.pyc
running install_data
creating /home/tharindu/git/Tharindu6516/CS3340-Labs/Lab04/robotics/install/broadcaster_listener/share/broadcaster_listener/launch
copying launch/turtle_tf2_demo.launch.py -> /home/tharindu/git/Tharindu6516/CS3340-Labs/Lab04/robotics/install/broadcaster_listener/share/broadcaster_listener/launch
copying launch/turtle_tf2_fixed_frame_demo.launch.py -> /home/tharindu/git/Tharindu6516/CS3340-Labs/Lab04/robotics/install/broadcaster_listener/share/broadcaster_listener/launch
copying launch/turtle_tf2_dynamic_frame_demo.launch.py -> /home/tharindu/git/Tharindu6516/CS3340-Labs/Lab04/robotics/install/broadcaster_listener/share/broadcaster_listener/launch
creating /home/tharindu/git/Tharindu6516/CS3340-Labs/Lab04/robotics/install/broadcaster_listener/share/ament_index
creating /home/tharindu/git/Tharindu6516/CS3340-Labs/Lab04/robotics/install/broadcaster_listener/share/ament_index/resource_index
creating /home/tharindu/git/Tharindu6516/CS3340-Labs/Lab04/robotics/install/broadcaster_listener/share/ament_index/resource_index/packages
copying resource/broadcaster_listener -> /home/tharindu/git/Tharindu6516/CS3340-Labs/Lab04/robotics/install/broadcaster_listener/share/ament_index/resource_index/packages
copying package.xml -> /home/tharindu/git/Tharindu6516/CS3340-Labs/Lab04/robotics/install/broadcaster_listener/share/broadcaster_listener
running install_egg_info
Copying ../../build/broadcaster_listener/broadcaster_listener.egg-info to /home/tharindu/git/Tharindu6516/CS3340-Labs/Lab04/robotics/install/broadcaster_listener/lib/python3.10/site-packages/broadcaster_listener-0.0.0-py3.10.egg-info
running install_scripts
Installing dynamic_frame_tf2_broadcaster script to /home/tharindu/git/Tharindu6516/CS3340-Labs/Lab04/robotics/install/broadcaster_listener/lib/broadcaster_listener
Installing fixed_frame_tf2_broadcaster script to /home/tharindu/git/Tharindu6516/CS3340-Labs/Lab04/robotics/install/broadcaster_listener/lib/broadcaster_listener
Installing turtle_tf2_broadcaster script to /home/tharindu/git/Tharindu6516/CS3340-Labs/Lab04/robotics/install/broadcaster_listener/lib/broadcaster_listener
Installing turtle_tf2_listener script to /home/tharindu/git/Tharindu6516/CS3340-Labs/Lab04/robotics/install/broadcaster_listener/lib/broadcaster_listener
writing list of installed files to '/home/tharindu/git/Tharindu6516/CS3340-Labs/Lab04/robotics/build/broadcaster_listener/install.log'
