[0.478s] Invoking command in '/home/tharindu/git/Tharindu6516/CS3340-Labs/Lab04/robotics/src/broadcaster_listener': PYTHONPATH=/home/tharindu/git/Tharindu6516/CS3340-Labs/Lab04/robotics/build/broadcaster_listener/prefix_override:/home/tharindu/git/Tharindu6516/CS3340-Labs/Lab04/robotics/install/broadcaster_listener/lib/python3.10/site-packages:${PYTHONPATH} /usr/bin/python3 -W ignore:setup.py install is deprecated setup.py egg_info --egg-base ../../build/broadcaster_listener build --build-base /home/tharindu/git/Tharindu6516/CS3340-Labs/Lab04/robotics/build/broadcaster_listener/build install --record /home/tharindu/git/Tharindu6516/CS3340-Labs/Lab04/robotics/build/broadcaster_listener/install.log --single-version-externally-managed install_data
[0.651s] running egg_info
[0.652s] creating ../../build/broadcaster_listener/broadcaster_listener.egg-info
[0.652s] writing ../../build/broadcaster_listener/broadcaster_listener.egg-info/PKG-INFO
[0.652s] writing dependency_links to ../../build/broadcaster_listener/broadcaster_listener.egg-info/dependency_links.txt
[0.652s] writing entry points to ../../build/broadcaster_listener/broadcaster_listener.egg-info/entry_points.txt
[0.652s] writing requirements to ../../build/broadcaster_listener/broadcaster_listener.egg-info/requires.txt
[0.652s] writing top-level names to ../../build/broadcaster_listener/broadcaster_listener.egg-info/top_level.txt
[0.652s] writing manifest file '../../build/broadcaster_listener/broadcaster_listener.egg-info/SOURCES.txt'
[0.654s] reading manifest file '../../build/broadcaster_listener/broadcaster_listener.egg-info/SOURCES.txt'
[0.654s] adding license file 'LICENSE'
[0.655s] writing manifest file '../../build/broadcaster_listener/broadcaster_listener.egg-info/SOURCES.txt'
[0.655s] running build
[0.655s] running build_py
[0.655s] creating /home/tharindu/git/Tharindu6516/CS3340-Labs/Lab04/robotics/build/broadcaster_listener/build
[0.655s] creating /home/tharindu/git/Tharindu6516/CS3340-Labs/Lab04/robotics/build/broadcaster_listener/build/lib
[0.655s] creating /home/tharindu/git/Tharindu6516/CS3340-Labs/Lab04/robotics/build/broadcaster_listener/build/lib/broadcaster_listener
[0.655s] copying broadcaster_listener/turtle_tf2_broadcaster.py -> /home/tharindu/git/Tharindu6516/CS3340-Labs/Lab04/robotics/build/broadcaster_listener/build/lib/broadcaster_listener
[0.655s] copying broadcaster_listener/turtle_tf2_listener.Lab01.py -> /home/tharindu/git/Tharindu6516/CS3340-Labs/Lab04/robotics/build/broadcaster_listener/build/lib/broadcaster_listener
[0.655s] copying broadcaster_listener/turtle_tf2_listener.py -> /home/tharindu/git/Tharindu6516/CS3340-Labs/Lab04/robotics/build/broadcaster_listener/build/lib/broadcaster_listener
[0.655s] copying broadcaster_listener/__init__.py -> /home/tharindu/git/Tharindu6516/CS3340-Labs/Lab04/robotics/build/broadcaster_listener/build/lib/broadcaster_listener
[0.655s] copying broadcaster_listener/turtle_tf2_listener.Lab02.2.py -> /home/tharindu/git/Tharindu6516/CS3340-Labs/Lab04/robotics/build/broadcaster_listener/build/lib/broadcaster_listener
[0.656s] copying broadcaster_listener/dynamic_frame_tf2_broadcaster.py -> /home/tharindu/git/Tharindu6516/CS3340-Labs/Lab04/robotics/build/broadcaster_listener/build/lib/broadcaster_listener
[0.656s] copying broadcaster_listener/turtle_tf2_listener.Lab02.1.py -> /home/tharindu/git/Tharindu6516/CS3340-Labs/Lab04/robotics/build/broadcaster_listener/build/lib/broadcaster_listener
[0.656s] copying broadcaster_listener/fixed_frame_tf2_broadcaster.py -> /home/tharindu/git/Tharindu6516/CS3340-Labs/Lab04/robotics/build/broadcaster_listener/build/lib/broadcaster_listener
[0.656s] running install
[0.656s] running install_lib
[0.656s] creating /home/tharindu/git/Tharindu6516/CS3340-Labs/Lab04/robotics/install/broadcaster_listener/lib/python3.10/site-packages/broadcaster_listener
[0.657s] copying /home/tharindu/git/Tharindu6516/CS3340-Labs/Lab04/robotics/build/broadcaster_listener/build/lib/broadcaster_listener/turtle_tf2_broadcaster.py -> /home/tharindu/git/Tharindu6516/CS3340-Labs/Lab04/robotics/install/broadcaster_listener/lib/python3.10/site-packages/broadcaster_listener
[0.657s] copying /home/tharindu/git/Tharindu6516/CS3340-Labs/Lab04/robotics/build/broadcaster_listener/build/lib/broadcaster_listener/turtle_tf2_listener.Lab01.py -> /home/tharindu/git/Tharindu6516/CS3340-Labs/Lab04/robotics/install/broadcaster_listener/lib/python3.10/site-packages/broadcaster_listener
[0.657s] copying /home/tharindu/git/Tharindu6516/CS3340-Labs/Lab04/robotics/build/broadcaster_listener/build/lib/broadcaster_listener/turtle_tf2_listener.py -> /home/tharindu/git/Tharindu6516/CS3340-Labs/Lab04/robotics/install/broadcaster_listener/lib/python3.10/site-packages/broadcaster_listener
[0.657s] copying /home/tharindu/git/Tharindu6516/CS3340-Labs/Lab04/robotics/build/broadcaster_listener/build/lib/broadcaster_listener/__init__.py -> /home/tharindu/git/Tharindu6516/CS3340-Labs/Lab04/robotics/install/broadcaster_listener/lib/python3.10/site-packages/broadcaster_listener
[0.657s] copying /home/tharindu/git/Tharindu6516/CS3340-Labs/Lab04/robotics/build/broadcaster_listener/build/lib/broadcaster_listener/turtle_tf2_listener.Lab02.2.py -> /home/tharindu/git/Tharindu6516/CS3340-Labs/Lab04/robotics/install/broadcaster_listener/lib/python3.10/site-packages/broadcaster_listener
[0.657s] copying /home/tharindu/git/Tharindu6516/CS3340-Labs/Lab04/robotics/build/broadcaster_listener/build/lib/broadcaster_listener/dynamic_frame_tf2_broadcaster.py -> /home/tharindu/git/Tharindu6516/CS3340-Labs/Lab04/robotics/install/broadcaster_listener/lib/python3.10/site-packages/broadcaster_listener
[0.657s] copying /home/tharindu/git/Tharindu6516/CS3340-Labs/Lab04/robotics/build/broadcaster_listener/build/lib/broadcaster_listener/turtle_tf2_listener.Lab02.1.py -> /home/tharindu/git/Tharindu6516/CS3340-Labs/Lab04/robotics/install/broadcaster_listener/lib/python3.10/site-packages/broadcaster_listener
[0.657s] copying /home/tharindu/git/Tharindu6516/CS3340-Labs/Lab04/robotics/build/broadcaster_listener/build/lib/broadcaster_listener/fixed_frame_tf2_broadcaster.py -> /home/tharindu/git/Tharindu6516/CS3340-Labs/Lab04/robotics/install/broadcaster_listener/lib/python3.10/site-packages/broadcaster_listener
[0.657s] byte-compiling /home/tharindu/git/Tharindu6516/CS3340-Labs/Lab04/robotics/install/broadcaster_listener/lib/python3.10/site-packages/broadcaster_listener/turtle_tf2_broadcaster.py to turtle_tf2_broadcaster.cpython-310.pyc
[0.658s] byte-compiling /home/tharindu/git/Tharindu6516/CS3340-Labs/Lab04/robotics/install/broadcaster_listener/lib/python3.10/site-packages/broadcaster_listener/turtle_tf2_listener.Lab01.py to turtle_tf2_listener.Lab01.cpython-310.pyc
[0.658s] byte-compiling /home/tharindu/git/Tharindu6516/CS3340-Labs/Lab04/robotics/install/broadcaster_listener/lib/python3.10/site-packages/broadcaster_listener/turtle_tf2_listener.py to turtle_tf2_listener.cpython-310.pyc
[0.659s] byte-compiling /home/tharindu/git/Tharindu6516/CS3340-Labs/Lab04/robotics/install/broadcaster_listener/lib/python3.10/site-packages/broadcaster_listener/__init__.py to __init__.cpython-310.pyc
[0.659s] byte-compiling /home/tharindu/git/Tharindu6516/CS3340-Labs/Lab04/robotics/install/broadcaster_listener/lib/python3.10/site-packages/broadcaster_listener/turtle_tf2_listener.Lab02.2.py to turtle_tf2_listener.Lab02.2.cpython-310.pyc
[0.659s] byte-compiling /home/tharindu/git/Tharindu6516/CS3340-Labs/Lab04/robotics/install/broadcaster_listener/lib/python3.10/site-packages/broadcaster_listener/dynamic_frame_tf2_broadcaster.py to dynamic_frame_tf2_broadcaster.cpython-310.pyc
[0.660s] byte-compiling /home/tharindu/git/Tharindu6516/CS3340-Labs/Lab04/robotics/install/broadcaster_listener/lib/python3.10/site-packages/broadcaster_listener/turtle_tf2_listener.Lab02.1.py to turtle_tf2_listener.Lab02.1.cpython-310.pyc
[0.660s] byte-compiling /home/tharindu/git/Tharindu6516/CS3340-Labs/Lab04/robotics/install/broadcaster_listener/lib/python3.10/site-packages/broadcaster_listener/fixed_frame_tf2_broadcaster.py to fixed_frame_tf2_broadcaster.cpython-310.pyc
[0.660s] running install_data
[0.661s] creating /home/tharindu/git/Tharindu6516/CS3340-Labs/Lab04/robotics/install/broadcaster_listener/share/broadcaster_listener/launch
[0.661s] copying launch/turtle_tf2_demo.launch.py -> /home/tharindu/git/Tharindu6516/CS3340-Labs/Lab04/robotics/install/broadcaster_listener/share/broadcaster_listener/launch
[0.661s] copying launch/turtle_tf2_fixed_frame_demo.launch.py -> /home/tharindu/git/Tharindu6516/CS3340-Labs/Lab04/robotics/install/broadcaster_listener/share/broadcaster_listener/launch
[0.661s] copying launch/turtle_tf2_dynamic_frame_demo.launch.py -> /home/tharindu/git/Tharindu6516/CS3340-Labs/Lab04/robotics/install/broadcaster_listener/share/broadcaster_listener/launch
[0.661s] creating /home/tharindu/git/Tharindu6516/CS3340-Labs/Lab04/robotics/install/broadcaster_listener/share/ament_index
[0.661s] creating /home/tharindu/git/Tharindu6516/CS3340-Labs/Lab04/robotics/install/broadcaster_listener/share/ament_index/resource_index
[0.661s] creating /home/tharindu/git/Tharindu6516/CS3340-Labs/Lab04/robotics/install/broadcaster_listener/share/ament_index/resource_index/packages
[0.661s] copying resource/broadcaster_listener -> /home/tharindu/git/Tharindu6516/CS3340-Labs/Lab04/robotics/install/broadcaster_listener/share/ament_index/resource_index/packages
[0.661s] copying package.xml -> /home/tharindu/git/Tharindu6516/CS3340-Labs/Lab04/robotics/install/broadcaster_listener/share/broadcaster_listener
[0.661s] running install_egg_info
[0.662s] Copying ../../build/broadcaster_listener/broadcaster_listener.egg-info to /home/tharindu/git/Tharindu6516/CS3340-Labs/Lab04/robotics/install/broadcaster_listener/lib/python3.10/site-packages/broadcaster_listener-0.0.0-py3.10.egg-info
[0.663s] running install_scripts
[0.677s] Installing dynamic_frame_tf2_broadcaster script to /home/tharindu/git/Tharindu6516/CS3340-Labs/Lab04/robotics/install/broadcaster_listener/lib/broadcaster_listener
[0.678s] Installing fixed_frame_tf2_broadcaster script to /home/tharindu/git/Tharindu6516/CS3340-Labs/Lab04/robotics/install/broadcaster_listener/lib/broadcaster_listener
[0.678s] Installing turtle_tf2_broadcaster script to /home/tharindu/git/Tharindu6516/CS3340-Labs/Lab04/robotics/install/broadcaster_listener/lib/broadcaster_listener
[0.678s] Installing turtle_tf2_listener script to /home/tharindu/git/Tharindu6516/CS3340-Labs/Lab04/robotics/install/broadcaster_listener/lib/broadcaster_listener
[0.678s] writing list of installed files to '/home/tharindu/git/Tharindu6516/CS3340-Labs/Lab04/robotics/build/broadcaster_listener/install.log'
[0.692s] Invoked command in '/home/tharindu/git/Tharindu6516/CS3340-Labs/Lab04/robotics/src/broadcaster_listener' returned '0': PYTHONPATH=/home/tharindu/git/Tharindu6516/CS3340-Labs/Lab04/robotics/build/broadcaster_listener/prefix_override:/home/tharindu/git/Tharindu6516/CS3340-Labs/Lab04/robotics/install/broadcaster_listener/lib/python3.10/site-packages:${PYTHONPATH} /usr/bin/python3 -W ignore:setup.py install is deprecated setup.py egg_info --egg-base ../../build/broadcaster_listener build --build-base /home/tharindu/git/Tharindu6516/CS3340-Labs/Lab04/robotics/build/broadcaster_listener/build install --record /home/tharindu/git/Tharindu6516/CS3340-Labs/Lab04/robotics/build/broadcaster_listener/install.log --single-version-externally-managed install_data
